{"/home/runner/work/random-quotes-server/random-quotes-server/index.js": {"path":"/home/runner/work/random-quotes-server/random-quotes-server/index.js","statementMap":{"0":{"start":{"line":1,"column":0},"end":{"line":1,"column":27}},"1":{"start":{"line":2,"column":16},"end":{"line":2,"column":34}},"2":{"start":{"line":3,"column":15},"end":{"line":3,"column":32}},"3":{"start":{"line":4,"column":13},"end":{"line":4,"column":28}},"4":{"start":{"line":5,"column":20},"end":{"line":5,"column":42}},"5":{"start":{"line":6,"column":15},"end":{"line":6,"column":32}},"6":{"start":{"line":7,"column":18},"end":{"line":7,"column":47}},"7":{"start":{"line":8,"column":18},"end":{"line":8,"column":47}},"8":{"start":{"line":9,"column":13},"end":{"line":9,"column":30}},"9":{"start":{"line":10,"column":13},"end":{"line":10,"column":28}},"10":{"start":{"line":13,"column":22},"end":{"line":13,"column":48}},"11":{"start":{"line":14,"column":20},"end":{"line":14,"column":51}},"12":{"start":{"line":16,"column":12},"end":{"line":16,"column":21}},"13":{"start":{"line":17,"column":13},"end":{"line":17,"column":37}},"14":{"start":{"line":18,"column":17},"end":{"line":18,"column":54}},"15":{"start":{"line":24,"column":0},"end":{"line":30,"column":1}},"16":{"start":{"line":25,"column":4},"end":{"line":25,"column":40}},"17":{"start":{"line":26,"column":4},"end":{"line":26,"column":49}},"18":{"start":{"line":28,"column":4},"end":{"line":28,"column":59}},"19":{"start":{"line":29,"column":4},"end":{"line":29,"column":20}},"20":{"start":{"line":33,"column":0},"end":{"line":43,"column":4}},"21":{"start":{"line":45,"column":0},"end":{"line":48,"column":4}},"22":{"start":{"line":50,"column":0},"end":{"line":50,"column":23}},"23":{"start":{"line":53,"column":0},"end":{"line":53,"column":65}},"24":{"start":{"line":56,"column":0},"end":{"line":56,"column":41}},"25":{"start":{"line":57,"column":0},"end":{"line":57,"column":63}},"26":{"start":{"line":60,"column":23},"end":{"line":69,"column":2}},"27":{"start":{"line":71,"column":20},"end":{"line":80,"column":2}},"28":{"start":{"line":83,"column":0},"end":{"line":83,"column":32}},"29":{"start":{"line":86,"column":0},"end":{"line":96,"column":3}},"30":{"start":{"line":87,"column":4},"end":{"line":95,"column":7}},"31":{"start":{"line":100,"column":0},"end":{"line":105,"column":1}},"32":{"start":{"line":101,"column":4},"end":{"line":101,"column":70}},"33":{"start":{"line":102,"column":4},"end":{"line":102,"column":72}},"34":{"start":{"line":104,"column":4},"end":{"line":104,"column":72}},"35":{"start":{"line":108,"column":0},"end":{"line":121,"column":3}},"36":{"start":{"line":109,"column":4},"end":{"line":120,"column":7}},"37":{"start":{"line":124,"column":0},"end":{"line":138,"column":3}},"38":{"start":{"line":125,"column":4},"end":{"line":137,"column":5}},"39":{"start":{"line":126,"column":22},"end":{"line":126,"column":52}},"40":{"start":{"line":127,"column":8},"end":{"line":130,"column":11}},"41":{"start":{"line":132,"column":8},"end":{"line":132,"column":60}},"42":{"start":{"line":133,"column":8},"end":{"line":136,"column":11}},"43":{"start":{"line":140,"column":0},"end":{"line":163,"column":3}},"44":{"start":{"line":141,"column":4},"end":{"line":162,"column":5}},"45":{"start":{"line":142,"column":51},"end":{"line":142,"column":60}},"46":{"start":{"line":145,"column":24},"end":{"line":145,"column":56}},"47":{"start":{"line":146,"column":25},"end":{"line":146,"column":74}},"48":{"start":{"line":149,"column":8},"end":{"line":153,"column":9}},"49":{"start":{"line":150,"column":12},"end":{"line":150,"column":77}},"50":{"start":{"line":152,"column":12},"end":{"line":152,"column":73}},"51":{"start":{"line":155,"column":8},"end":{"line":155,"column":25}},"52":{"start":{"line":157,"column":8},"end":{"line":157,"column":54}},"53":{"start":{"line":158,"column":8},"end":{"line":161,"column":11}},"54":{"start":{"line":165,"column":0},"end":{"line":185,"column":3}},"55":{"start":{"line":166,"column":4},"end":{"line":184,"column":5}},"56":{"start":{"line":167,"column":23},"end":{"line":167,"column":33}},"57":{"start":{"line":168,"column":22},"end":{"line":168,"column":52}},"58":{"start":{"line":170,"column":8},"end":{"line":175,"column":9}},"59":{"start":{"line":171,"column":12},"end":{"line":174,"column":15}},"60":{"start":{"line":177,"column":8},"end":{"line":177,"column":28}},"61":{"start":{"line":179,"column":8},"end":{"line":179,"column":59}},"62":{"start":{"line":180,"column":8},"end":{"line":183,"column":11}},"63":{"start":{"line":188,"column":0},"end":{"line":221,"column":3}},"64":{"start":{"line":189,"column":4},"end":{"line":220,"column":5}},"65":{"start":{"line":190,"column":59},"end":{"line":190,"column":67}},"66":{"start":{"line":193,"column":33},"end":{"line":193,"column":74}},"67":{"start":{"line":194,"column":8},"end":{"line":200,"column":9}},"68":{"start":{"line":195,"column":12},"end":{"line":199,"column":15}},"69":{"start":{"line":203,"column":25},"end":{"line":203,"column":87}},"70":{"start":{"line":205,"column":8},"end":{"line":213,"column":11}},"71":{"start":{"line":215,"column":8},"end":{"line":215,"column":53}},"72":{"start":{"line":216,"column":8},"end":{"line":219,"column":11}},"73":{"start":{"line":224,"column":0},"end":{"line":226,"column":3}},"74":{"start":{"line":225,"column":4},"end":{"line":225,"column":39}},"75":{"start":{"line":228,"column":0},"end":{"line":230,"column":3}},"76":{"start":{"line":229,"column":4},"end":{"line":229,"column":40}},"77":{"start":{"line":233,"column":0},"end":{"line":238,"column":3}},"78":{"start":{"line":234,"column":4},"end":{"line":237,"column":7}},"79":{"start":{"line":241,"column":0},"end":{"line":247,"column":3}},"80":{"start":{"line":242,"column":4},"end":{"line":242,"column":45}},"81":{"start":{"line":243,"column":4},"end":{"line":246,"column":7}},"82":{"start":{"line":250,"column":15},"end":{"line":255,"column":2}},"83":{"start":{"line":251,"column":4},"end":{"line":251,"column":67}},"84":{"start":{"line":252,"column":4},"end":{"line":252,"column":44}},"85":{"start":{"line":253,"column":4},"end":{"line":253,"column":65}},"86":{"start":{"line":254,"column":4},"end":{"line":254,"column":68}},"87":{"start":{"line":258,"column":0},"end":{"line":264,"column":3}},"88":{"start":{"line":259,"column":4},"end":{"line":259,"column":65}},"89":{"start":{"line":260,"column":4},"end":{"line":263,"column":7}},"90":{"start":{"line":261,"column":8},"end":{"line":261,"column":38}},"91":{"start":{"line":262,"column":8},"end":{"line":262,"column":24}},"92":{"start":{"line":266,"column":0},"end":{"line":272,"column":3}},"93":{"start":{"line":267,"column":4},"end":{"line":267,"column":64}},"94":{"start":{"line":268,"column":4},"end":{"line":271,"column":7}},"95":{"start":{"line":269,"column":8},"end":{"line":269,"column":38}},"96":{"start":{"line":270,"column":8},"end":{"line":270,"column":24}},"97":{"start":{"line":274,"column":0},"end":{"line":274,"column":21}}},"fnMap":{"0":{"name":"(anonymous_0)","decl":{"start":{"line":86,"column":19},"end":{"line":86,"column":20}},"loc":{"start":{"line":86,"column":33},"end":{"line":96,"column":1}},"line":86},"1":{"name":"(anonymous_1)","decl":{"start":{"line":108,"column":13},"end":{"line":108,"column":14}},"loc":{"start":{"line":108,"column":27},"end":{"line":121,"column":1}},"line":108},"2":{"name":"(anonymous_2)","decl":{"start":{"line":124,"column":25},"end":{"line":124,"column":26}},"loc":{"start":{"line":124,"column":39},"end":{"line":138,"column":1}},"line":124},"3":{"name":"(anonymous_3)","decl":{"start":{"line":140,"column":26},"end":{"line":140,"column":27}},"loc":{"start":{"line":140,"column":40},"end":{"line":163,"column":1}},"line":140},"4":{"name":"(anonymous_4)","decl":{"start":{"line":165,"column":30},"end":{"line":165,"column":31}},"loc":{"start":{"line":165,"column":44},"end":{"line":185,"column":1}},"line":165},"5":{"name":"(anonymous_5)","decl":{"start":{"line":188,"column":38},"end":{"line":188,"column":39}},"loc":{"start":{"line":188,"column":58},"end":{"line":221,"column":1}},"line":188},"6":{"name":"(anonymous_6)","decl":{"start":{"line":224,"column":18},"end":{"line":224,"column":19}},"loc":{"start":{"line":224,"column":32},"end":{"line":226,"column":1}},"line":224},"7":{"name":"(anonymous_7)","decl":{"start":{"line":228,"column":19},"end":{"line":228,"column":20}},"loc":{"start":{"line":228,"column":33},"end":{"line":230,"column":1}},"line":228},"8":{"name":"(anonymous_8)","decl":{"start":{"line":233,"column":8},"end":{"line":233,"column":9}},"loc":{"start":{"line":233,"column":22},"end":{"line":238,"column":1}},"line":233},"9":{"name":"(anonymous_9)","decl":{"start":{"line":241,"column":8},"end":{"line":241,"column":9}},"loc":{"start":{"line":241,"column":35},"end":{"line":247,"column":1}},"line":241},"10":{"name":"(anonymous_10)","decl":{"start":{"line":250,"column":32},"end":{"line":250,"column":33}},"loc":{"start":{"line":250,"column":38},"end":{"line":255,"column":1}},"line":250},"11":{"name":"(anonymous_11)","decl":{"start":{"line":258,"column":22},"end":{"line":258,"column":23}},"loc":{"start":{"line":258,"column":28},"end":{"line":264,"column":1}},"line":258},"12":{"name":"(anonymous_12)","decl":{"start":{"line":260,"column":17},"end":{"line":260,"column":18}},"loc":{"start":{"line":260,"column":23},"end":{"line":263,"column":5}},"line":260},"13":{"name":"(anonymous_13)","decl":{"start":{"line":266,"column":21},"end":{"line":266,"column":22}},"loc":{"start":{"line":266,"column":27},"end":{"line":272,"column":1}},"line":266},"14":{"name":"(anonymous_14)","decl":{"start":{"line":268,"column":17},"end":{"line":268,"column":18}},"loc":{"start":{"line":268,"column":23},"end":{"line":271,"column":5}},"line":268}},"branchMap":{"0":{"loc":{"start":{"line":17,"column":13},"end":{"line":17,"column":37}},"type":"binary-expr","locations":[{"start":{"line":17,"column":13},"end":{"line":17,"column":29}},{"start":{"line":17,"column":33},"end":{"line":17,"column":37}}],"line":17},"1":{"loc":{"start":{"line":18,"column":17},"end":{"line":18,"column":54}},"type":"binary-expr","locations":[{"start":{"line":18,"column":17},"end":{"line":18,"column":37}},{"start":{"line":18,"column":41},"end":{"line":18,"column":54}}],"line":18},"2":{"loc":{"start":{"line":46,"column":12},"end":{"line":46,"column":65}},"type":"binary-expr","locations":[{"start":{"line":46,"column":12},"end":{"line":46,"column":38}},{"start":{"line":46,"column":42},"end":{"line":46,"column":65}}],"line":46},"3":{"loc":{"start":{"line":53,"column":15},"end":{"line":53,"column":62}},"type":"cond-expr","locations":[{"start":{"line":53,"column":44},"end":{"line":53,"column":49}},{"start":{"line":53,"column":52},"end":{"line":53,"column":62}}],"line":53},"4":{"loc":{"start":{"line":61,"column":14},"end":{"line":61,"column":74}},"type":"binary-expr","locations":[{"start":{"line":61,"column":14},"end":{"line":61,"column":56}},{"start":{"line":61,"column":60},"end":{"line":61,"column":74}}],"line":61},"5":{"loc":{"start":{"line":62,"column":9},"end":{"line":62,"column":52}},"type":"binary-expr","locations":[{"start":{"line":62,"column":9},"end":{"line":62,"column":45}},{"start":{"line":62,"column":49},"end":{"line":62,"column":52}}],"line":62},"6":{"loc":{"start":{"line":72,"column":14},"end":{"line":72,"column":78}},"type":"binary-expr","locations":[{"start":{"line":72,"column":14},"end":{"line":72,"column":61}},{"start":{"line":72,"column":65},"end":{"line":72,"column":78}}],"line":72},"7":{"loc":{"start":{"line":73,"column":9},"end":{"line":73,"column":56}},"type":"binary-expr","locations":[{"start":{"line":73,"column":9},"end":{"line":73,"column":50}},{"start":{"line":73,"column":54},"end":{"line":73,"column":56}}],"line":73},"8":{"loc":{"start":{"line":142,"column":26},"end":{"line":142,"column":34}},"type":"default-arg","locations":[{"start":{"line":142,"column":33},"end":{"line":142,"column":34}}],"line":142},"9":{"loc":{"start":{"line":142,"column":36},"end":{"line":142,"column":46}},"type":"default-arg","locations":[{"start":{"line":142,"column":44},"end":{"line":142,"column":46}}],"line":142},"10":{"loc":{"start":{"line":145,"column":36},"end":{"line":145,"column":55}},"type":"binary-expr","locations":[{"start":{"line":145,"column":36},"end":{"line":145,"column":50}},{"start":{"line":145,"column":54},"end":{"line":145,"column":55}}],"line":145},"11":{"loc":{"start":{"line":146,"column":51},"end":{"line":146,"column":72}},"type":"binary-expr","locations":[{"start":{"line":146,"column":51},"end":{"line":146,"column":66}},{"start":{"line":146,"column":70},"end":{"line":146,"column":72}}],"line":146},"12":{"loc":{"start":{"line":149,"column":8},"end":{"line":153,"column":9}},"type":"if","locations":[{"start":{"line":149,"column":8},"end":{"line":153,"column":9}},{"start":{"line":151,"column":15},"end":{"line":153,"column":9}}],"line":149},"13":{"loc":{"start":{"line":170,"column":8},"end":{"line":175,"column":9}},"type":"if","locations":[{"start":{"line":170,"column":8},"end":{"line":175,"column":9}},{"start":{},"end":{}}],"line":170},"14":{"loc":{"start":{"line":190,"column":25},"end":{"line":190,"column":40}},"type":"default-arg","locations":[{"start":{"line":190,"column":36},"end":{"line":190,"column":40}}],"line":190},"15":{"loc":{"start":{"line":190,"column":42},"end":{"line":190,"column":54}},"type":"default-arg","locations":[{"start":{"line":190,"column":52},"end":{"line":190,"column":54}}],"line":190},"16":{"loc":{"start":{"line":194,"column":8},"end":{"line":200,"column":9}},"type":"if","locations":[{"start":{"line":194,"column":8},"end":{"line":200,"column":9}},{"start":{},"end":{}}],"line":194},"17":{"loc":{"start":{"line":211,"column":16},"end":{"line":211,"column":59}},"type":"binary-expr","locations":[{"start":{"line":211,"column":16},"end":{"line":211,"column":30}},{"start":{"line":211,"column":34},"end":{"line":211,"column":59}}],"line":211},"18":{"loc":{"start":{"line":212,"column":16},"end":{"line":212,"column":52}},"type":"binary-expr","locations":[{"start":{"line":212,"column":16},"end":{"line":212,"column":30}},{"start":{"line":212,"column":34},"end":{"line":212,"column":52}}],"line":212},"19":{"loc":{"start":{"line":245,"column":17},"end":{"line":245,"column":84}},"type":"cond-expr","locations":[{"start":{"line":245,"column":46},"end":{"line":245,"column":59}},{"start":{"line":245,"column":62},"end":{"line":245,"column":84}}],"line":245}},"s":{"0":1,"1":1,"2":1,"3":1,"4":1,"5":1,"6":1,"7":1,"8":1,"9":1,"10":1,"11":1,"12":1,"13":1,"14":1,"15":1,"16":1,"17":1,"18":0,"19":0,"20":1,"21":1,"22":1,"23":1,"24":1,"25":1,"26":1,"27":1,"28":1,"29":1,"30":1,"31":1,"32":1,"33":1,"34":0,"35":1,"36":1,"37":1,"38":5,"39":5,"40":5,"41":0,"42":0,"43":1,"44":5,"45":5,"46":5,"47":5,"48":5,"49":1,"50":4,"51":5,"52":0,"53":0,"54":1,"55":2,"56":2,"57":2,"58":2,"59":1,"60":1,"61":0,"62":0,"63":1,"64":9,"65":9,"66":9,"67":9,"68":4,"69":5,"70":5,"71":0,"72":0,"73":1,"74":1,"75":1,"76":1,"77":1,"78":1,"79":1,"80":0,"81":0,"82":1,"83":1,"84":1,"85":1,"86":1,"87":1,"88":0,"89":0,"90":0,"91":0,"92":1,"93":0,"94":0,"95":0,"96":0,"97":1},"f":{"0":1,"1":1,"2":5,"3":5,"4":2,"5":9,"6":1,"7":1,"8":1,"9":0,"10":1,"11":0,"12":0,"13":0,"14":0},"b":{"0":[1,1],"1":[1,0],"2":[1,1],"3":[0,1],"4":[1,1],"5":[1,1],"6":[1,1],"7":[1,1],"8":[3],"9":[3],"10":[5,0],"11":[5,0],"12":[1,4],"13":[1,1],"14":[3],"15":[7],"16":[4,5],"17":[5,5],"18":[5,0],"19":[0,0]},"_coverageSchema":"1a1c01bbd47fc00a2c39e90264f33305004495a9","hash":"6a623298c9055d1a5d69c5b8ea4344797648c632"}
,"/home/runner/work/random-quotes-server/random-quotes-server/server/chatService.js": {"path":"/home/runner/work/random-quotes-server/random-quotes-server/server/chatService.js","statementMap":{"0":{"start":{"line":1,"column":31},"end":{"line":1,"column":63}},"1":{"start":{"line":10,"column":4},"end":{"line":10,"column":39}},"2":{"start":{"line":11,"column":4},"end":{"line":11,"column":56}},"3":{"start":{"line":12,"column":4},"end":{"line":12,"column":31}},"4":{"start":{"line":17,"column":4},"end":{"line":31,"column":5}},"5":{"start":{"line":18,"column":6},"end":{"line":27,"column":7}},"6":{"start":{"line":19,"column":8},"end":{"line":19,"column":72}},"7":{"start":{"line":20,"column":8},"end":{"line":22,"column":11}},"8":{"start":{"line":23,"column":8},"end":{"line":23,"column":58}},"9":{"start":{"line":25,"column":8},"end":{"line":25,"column":61}},"10":{"start":{"line":26,"column":8},"end":{"line":26,"column":26}},"11":{"start":{"line":29,"column":6},"end":{"line":29,"column":72}},"12":{"start":{"line":30,"column":6},"end":{"line":30,"column":24}},"13":{"start":{"line":35,"column":4},"end":{"line":35,"column":23}},"14":{"start":{"line":36,"column":4},"end":{"line":36,"column":28}},"15":{"start":{"line":40,"column":20},"end":{"line":62,"column":5}},"16":{"start":{"line":64,"column":4},"end":{"line":64,"column":43}},"17":{"start":{"line":68,"column":23},"end":{"line":68,"column":55}},"18":{"start":{"line":70,"column":4},"end":{"line":81,"column":5}},"19":{"start":{"line":71,"column":6},"end":{"line":77,"column":7}},"20":{"start":{"line":72,"column":8},"end":{"line":72,"column":79}},"21":{"start":{"line":76,"column":8},"end":{"line":76,"column":57}},"22":{"start":{"line":79,"column":6},"end":{"line":79,"column":51}},"23":{"start":{"line":80,"column":6},"end":{"line":80,"column":55}},"24":{"start":{"line":85,"column":4},"end":{"line":124,"column":5}},"25":{"start":{"line":86,"column":27},"end":{"line":86,"column":64}},"26":{"start":{"line":87,"column":28},"end":{"line":87,"column":89}},"27":{"start":{"line":87,"column":50},"end":{"line":87,"column":77}},"28":{"start":{"line":89,"column":27},"end":{"line":89,"column":260}},"29":{"start":{"line":92,"column":34},"end":{"line":95,"column":9}},"30":{"start":{"line":92,"column":54},"end":{"line":95,"column":7}},"31":{"start":{"line":98,"column":6},"end":{"line":101,"column":9}},"32":{"start":{"line":103,"column":19},"end":{"line":109,"column":8}},"33":{"start":{"line":111,"column":21},"end":{"line":111,"column":52}},"34":{"start":{"line":112,"column":23},"end":{"line":112,"column":44}},"35":{"start":{"line":113,"column":19},"end":{"line":113,"column":34}},"36":{"start":{"line":115,"column":6},"end":{"line":120,"column":8}},"37":{"start":{"line":122,"column":6},"end":{"line":122,"column":48}},"38":{"start":{"line":123,"column":6},"end":{"line":123,"column":18}},"39":{"start":{"line":128,"column":4},"end":{"line":150,"column":5}},"40":{"start":{"line":129,"column":26},"end":{"line":129,"column":61}},"41":{"start":{"line":130,"column":22},"end":{"line":130,"column":133}},"42":{"start":{"line":132,"column":6},"end":{"line":139,"column":8}},"43":{"start":{"line":141,"column":6},"end":{"line":141,"column":55}},"44":{"start":{"line":142,"column":22},"end":{"line":142,"column":122}},"45":{"start":{"line":143,"column":6},"end":{"line":149,"column":8}},"46":{"start":{"line":154,"column":19},"end":{"line":154,"column":21}},"47":{"start":{"line":156,"column":4},"end":{"line":158,"column":5}},"48":{"start":{"line":157,"column":6},"end":{"line":157,"column":72}},"49":{"start":{"line":160,"column":4},"end":{"line":162,"column":5}},"50":{"start":{"line":161,"column":6},"end":{"line":161,"column":63}},"51":{"start":{"line":164,"column":4},"end":{"line":166,"column":5}},"52":{"start":{"line":165,"column":6},"end":{"line":165,"column":58}},"53":{"start":{"line":168,"column":4},"end":{"line":170,"column":5}},"54":{"start":{"line":169,"column":6},"end":{"line":169,"column":70}},"55":{"start":{"line":172,"column":4},"end":{"line":182,"column":5}},"56":{"start":{"line":173,"column":6},"end":{"line":181,"column":7}},"57":{"start":{"line":173,"column":19},"end":{"line":173,"column":20}},"58":{"start":{"line":174,"column":20},"end":{"line":174,"column":35}},"59":{"start":{"line":175,"column":8},"end":{"line":177,"column":9}},"60":{"start":{"line":176,"column":10},"end":{"line":176,"column":80}},"61":{"start":{"line":178,"column":8},"end":{"line":180,"column":9}},"62":{"start":{"line":179,"column":10},"end":{"line":179,"column":71}},"63":{"start":{"line":184,"column":4},"end":{"line":184,"column":18}},"64":{"start":{"line":188,"column":0},"end":{"line":188,"column":29}}},"fnMap":{"0":{"name":"(anonymous_0)","decl":{"start":{"line":9,"column":2},"end":{"line":9,"column":3}},"loc":{"start":{"line":9,"column":29},"end":{"line":13,"column":3}},"line":9},"1":{"name":"(anonymous_1)","decl":{"start":{"line":15,"column":2},"end":{"line":15,"column":3}},"loc":{"start":{"line":15,"column":24},"end":{"line":37,"column":3}},"line":15},"2":{"name":"(anonymous_2)","decl":{"start":{"line":39,"column":2},"end":{"line":39,"column":3}},"loc":{"start":{"line":39,"column":30},"end":{"line":65,"column":3}},"line":39},"3":{"name":"(anonymous_3)","decl":{"start":{"line":67,"column":2},"end":{"line":67,"column":3}},"loc":{"start":{"line":67,"column":65},"end":{"line":82,"column":3}},"line":67},"4":{"name":"(anonymous_4)","decl":{"start":{"line":84,"column":2},"end":{"line":84,"column":3}},"loc":{"start":{"line":84,"column":61},"end":{"line":125,"column":3}},"line":84},"5":{"name":"(anonymous_5)","decl":{"start":{"line":87,"column":45},"end":{"line":87,"column":46}},"loc":{"start":{"line":87,"column":50},"end":{"line":87,"column":77}},"line":87},"6":{"name":"(anonymous_6)","decl":{"start":{"line":92,"column":46},"end":{"line":92,"column":47}},"loc":{"start":{"line":92,"column":54},"end":{"line":95,"column":7}},"line":92},"7":{"name":"(anonymous_7)","decl":{"start":{"line":127,"column":2},"end":{"line":127,"column":3}},"loc":{"start":{"line":127,"column":39},"end":{"line":151,"column":3}},"line":127},"8":{"name":"(anonymous_8)","decl":{"start":{"line":153,"column":2},"end":{"line":153,"column":3}},"loc":{"start":{"line":153,"column":28},"end":{"line":185,"column":3}},"line":153}},"branchMap":{"0":{"loc":{"start":{"line":11,"column":20},"end":{"line":11,"column":55}},"type":"binary-expr","locations":[{"start":{"line":11,"column":20},"end":{"line":11,"column":43}},{"start":{"line":11,"column":47},"end":{"line":11,"column":55}}],"line":11},"1":{"loc":{"start":{"line":17,"column":4},"end":{"line":31,"column":5}},"type":"if","locations":[{"start":{"line":17,"column":4},"end":{"line":31,"column":5}},{"start":{"line":28,"column":11},"end":{"line":31,"column":5}}],"line":17},"2":{"loc":{"start":{"line":21,"column":17},"end":{"line":21,"column":63}},"type":"binary-expr","locations":[{"start":{"line":21,"column":17},"end":{"line":21,"column":41}},{"start":{"line":21,"column":45},"end":{"line":21,"column":63}}],"line":21},"3":{"loc":{"start":{"line":64,"column":11},"end":{"line":64,"column":42}},"type":"binary-expr","locations":[{"start":{"line":64,"column":11},"end":{"line":64,"column":28}},{"start":{"line":64,"column":32},"end":{"line":64,"column":42}}],"line":64},"4":{"loc":{"start":{"line":67,"column":34},"end":{"line":67,"column":49}},"type":"default-arg","locations":[{"start":{"line":67,"column":45},"end":{"line":67,"column":49}}],"line":67},"5":{"loc":{"start":{"line":67,"column":51},"end":{"line":67,"column":63}},"type":"default-arg","locations":[{"start":{"line":67,"column":61},"end":{"line":67,"column":63}}],"line":67},"6":{"loc":{"start":{"line":71,"column":6},"end":{"line":77,"column":7}},"type":"if","locations":[{"start":{"line":71,"column":6},"end":{"line":77,"column":7}},{"start":{"line":75,"column":11},"end":{"line":77,"column":7}}],"line":71},"7":{"loc":{"start":{"line":71,"column":10},"end":{"line":71,"column":50}},"type":"binary-expr","locations":[{"start":{"line":71,"column":10},"end":{"line":71,"column":20}},{"start":{"line":71,"column":24},"end":{"line":71,"column":50}}],"line":71},"8":{"loc":{"start":{"line":93,"column":14},"end":{"line":93,"column":52}},"type":"cond-expr","locations":[{"start":{"line":93,"column":36},"end":{"line":93,"column":42}},{"start":{"line":93,"column":45},"end":{"line":93,"column":52}}],"line":93},"9":{"loc":{"start":{"line":134,"column":18},"end":{"line":135,"column":80}},"type":"cond-expr","locations":[{"start":{"line":134,"column":70},"end":{"line":134,"column":74}},{"start":{"line":135,"column":17},"end":{"line":135,"column":80}}],"line":134},"10":{"loc":{"start":{"line":135,"column":17},"end":{"line":135,"column":80}},"type":"cond-expr","locations":[{"start":{"line":135,"column":68},"end":{"line":135,"column":72}},{"start":{"line":135,"column":75},"end":{"line":135,"column":80}}],"line":135},"11":{"loc":{"start":{"line":142,"column":22},"end":{"line":142,"column":122}},"type":"binary-expr","locations":[{"start":{"line":142,"column":22},"end":{"line":142,"column":47}},{"start":{"line":142,"column":51},"end":{"line":142,"column":122}}],"line":142},"12":{"loc":{"start":{"line":156,"column":4},"end":{"line":158,"column":5}},"type":"if","locations":[{"start":{"line":156,"column":4},"end":{"line":158,"column":5}},{"start":{},"end":{}}],"line":156},"13":{"loc":{"start":{"line":156,"column":8},"end":{"line":156,"column":93}},"type":"binary-expr","locations":[{"start":{"line":156,"column":8},"end":{"line":156,"column":21}},{"start":{"line":156,"column":25},"end":{"line":156,"column":57}},{"start":{"line":156,"column":61},"end":{"line":156,"column":93}}],"line":156},"14":{"loc":{"start":{"line":160,"column":4},"end":{"line":162,"column":5}},"type":"if","locations":[{"start":{"line":160,"column":4},"end":{"line":162,"column":5}},{"start":{},"end":{}}],"line":160},"15":{"loc":{"start":{"line":160,"column":8},"end":{"line":160,"column":50}},"type":"binary-expr","locations":[{"start":{"line":160,"column":8},"end":{"line":160,"column":20}},{"start":{"line":160,"column":24},"end":{"line":160,"column":50}}],"line":160},"16":{"loc":{"start":{"line":164,"column":4},"end":{"line":166,"column":5}},"type":"if","locations":[{"start":{"line":164,"column":4},"end":{"line":166,"column":5}},{"start":{},"end":{}}],"line":164},"17":{"loc":{"start":{"line":164,"column":8},"end":{"line":164,"column":69}},"type":"binary-expr","locations":[{"start":{"line":164,"column":8},"end":{"line":164,"column":21}},{"start":{"line":164,"column":25},"end":{"line":164,"column":69}}],"line":164},"18":{"loc":{"start":{"line":168,"column":4},"end":{"line":170,"column":5}},"type":"if","locations":[{"start":{"line":168,"column":4},"end":{"line":170,"column":5}},{"start":{},"end":{}}],"line":168},"19":{"loc":{"start":{"line":168,"column":8},"end":{"line":168,"column":82}},"type":"binary-expr","locations":[{"start":{"line":168,"column":8},"end":{"line":168,"column":20}},{"start":{"line":168,"column":25},"end":{"line":168,"column":53}},{"start":{"line":168,"column":57},"end":{"line":168,"column":81}}],"line":168},"20":{"loc":{"start":{"line":172,"column":4},"end":{"line":182,"column":5}},"type":"if","locations":[{"start":{"line":172,"column":4},"end":{"line":182,"column":5}},{"start":{},"end":{}}],"line":172},"21":{"loc":{"start":{"line":175,"column":8},"end":{"line":177,"column":9}},"type":"if","locations":[{"start":{"line":175,"column":8},"end":{"line":177,"column":9}},{"start":{},"end":{}}],"line":175},"22":{"loc":{"start":{"line":175,"column":12},"end":{"line":175,"column":66}},"type":"binary-expr","locations":[{"start":{"line":175,"column":12},"end":{"line":175,"column":21}},{"start":{"line":175,"column":25},"end":{"line":175,"column":66}}],"line":175},"23":{"loc":{"start":{"line":178,"column":8},"end":{"line":180,"column":9}},"type":"if","locations":[{"start":{"line":178,"column":8},"end":{"line":180,"column":9}},{"start":{},"end":{}}],"line":178},"24":{"loc":{"start":{"line":178,"column":12},"end":{"line":178,"column":59}},"type":"binary-expr","locations":[{"start":{"line":178,"column":12},"end":{"line":178,"column":24}},{"start":{"line":178,"column":28},"end":{"line":178,"column":59}}],"line":178}},"s":{"0":2,"1":32,"2":32,"3":32,"4":32,"5":4,"6":4,"7":4,"8":4,"9":0,"10":0,"11":28,"12":28,"13":32,"14":32,"15":16,"16":16,"17":12,"18":12,"19":12,"20":3,"21":9,"22":3,"23":3,"24":3,"25":3,"26":3,"27":6,"28":3,"29":3,"30":0,"31":3,"32":3,"33":3,"34":2,"35":2,"36":2,"37":3,"38":3,"39":12,"40":12,"41":11,"42":11,"43":1,"44":1,"45":1,"46":19,"47":19,"48":4,"49":19,"50":2,"51":19,"52":2,"53":19,"54":2,"55":19,"56":7,"57":7,"58":30,"59":30,"60":14,"61":30,"62":14,"63":19,"64":2},"f":{"0":32,"1":32,"2":16,"3":12,"4":3,"5":6,"6":0,"7":12,"8":19},"b":{"0":[32,27],"1":[4,28],"2":[4,4],"3":[16,1],"4":[0],"5":[7],"6":[3,9],"7":[12,3],"8":[0,0],"9":[7,4],"10":[2,2],"11":[1,0],"12":[4,15],"13":[19,16,15],"14":[2,17],"15":[19,16],"16":[2,17],"17":[19,8],"18":[2,17],"19":[19,7,6],"20":[7,12],"21":[14,16],"22":[30,17],"23":[14,16],"24":[30,17]},"_coverageSchema":"1a1c01bbd47fc00a2c39e90264f33305004495a9","hash":"f9a1f4addac6e829f34229715d5ee305dd42a834"}
,"/home/runner/work/random-quotes-server/random-quotes-server/server/quotes.js": {"path":"/home/runner/work/random-quotes-server/random-quotes-server/server/quotes.js","statementMap":{"0":{"start":{"line":1,"column":11},"end":{"line":1,"column":24}},"1":{"start":{"line":2,"column":13},"end":{"line":2,"column":28}},"2":{"start":{"line":10,"column":4},"end":{"line":10,"column":78}},"3":{"start":{"line":11,"column":4},"end":{"line":11,"column":21}},"4":{"start":{"line":12,"column":4},"end":{"line":12,"column":22}},"5":{"start":{"line":16,"column":4},"end":{"line":35,"column":5}},"6":{"start":{"line":17,"column":25},"end":{"line":17,"column":65}},"7":{"start":{"line":18,"column":19},"end":{"line":18,"column":41}},"8":{"start":{"line":21,"column":6},"end":{"line":29,"column":7}},"9":{"start":{"line":23,"column":8},"end":{"line":23,"column":68}},"10":{"start":{"line":23,"column":40},"end":{"line":23,"column":66}},"11":{"start":{"line":24,"column":13},"end":{"line":29,"column":7}},"12":{"start":{"line":26,"column":8},"end":{"line":26,"column":75}},"13":{"start":{"line":26,"column":47},"end":{"line":26,"column":73}},"14":{"start":{"line":28,"column":8},"end":{"line":28,"column":54}},"15":{"start":{"line":31,"column":6},"end":{"line":31,"column":70}},"16":{"start":{"line":33,"column":6},"end":{"line":33,"column":57}},"17":{"start":{"line":34,"column":6},"end":{"line":34,"column":18}},"18":{"start":{"line":40,"column":4},"end":{"line":46,"column":5}},"19":{"start":{"line":41,"column":6},"end":{"line":45,"column":8}},"20":{"start":{"line":49,"column":4},"end":{"line":55,"column":5}},"21":{"start":{"line":50,"column":6},"end":{"line":54,"column":8}},"22":{"start":{"line":57,"column":4},"end":{"line":57,"column":44}},"23":{"start":{"line":61,"column":4},"end":{"line":61,"column":51}},"24":{"start":{"line":65,"column":4},"end":{"line":65,"column":23}},"25":{"start":{"line":69,"column":4},"end":{"line":71,"column":5}},"26":{"start":{"line":70,"column":6},"end":{"line":70,"column":45}},"27":{"start":{"line":72,"column":24},"end":{"line":72,"column":70}},"28":{"start":{"line":73,"column":4},"end":{"line":73,"column":36}},"29":{"start":{"line":77,"column":4},"end":{"line":77,"column":54}},"30":{"start":{"line":77,"column":37},"end":{"line":77,"column":52}},"31":{"start":{"line":81,"column":4},"end":{"line":83,"column":5}},"32":{"start":{"line":82,"column":6},"end":{"line":82,"column":50}},"33":{"start":{"line":85,"column":23},"end":{"line":85,"column":42}},"34":{"start":{"line":86,"column":27},"end":{"line":89,"column":5}},"35":{"start":{"line":87,"column":6},"end":{"line":88,"column":53}},"36":{"start":{"line":91,"column":23},"end":{"line":91,"column":41}},"37":{"start":{"line":92,"column":21},"end":{"line":92,"column":39}},"38":{"start":{"line":94,"column":4},"end":{"line":100,"column":6}},"39":{"start":{"line":104,"column":23},"end":{"line":104,"column":41}},"40":{"start":{"line":105,"column":21},"end":{"line":105,"column":39}},"41":{"start":{"line":107,"column":4},"end":{"line":113,"column":6}},"42":{"start":{"line":117,"column":4},"end":{"line":117,"column":30}},"43":{"start":{"line":122,"column":21},"end":{"line":122,"column":69}},"44":{"start":{"line":122,"column":49},"end":{"line":122,"column":68}},"45":{"start":{"line":123,"column":4},"end":{"line":123,"column":36}},"46":{"start":{"line":127,"column":0},"end":{"line":127,"column":31}}},"fnMap":{"0":{"name":"(anonymous_0)","decl":{"start":{"line":9,"column":2},"end":{"line":9,"column":3}},"loc":{"start":{"line":9,"column":33},"end":{"line":13,"column":3}},"line":9},"1":{"name":"(anonymous_1)","decl":{"start":{"line":15,"column":2},"end":{"line":15,"column":3}},"loc":{"start":{"line":15,"column":15},"end":{"line":36,"column":3}},"line":15},"2":{"name":"(anonymous_2)","decl":{"start":{"line":23,"column":31},"end":{"line":23,"column":32}},"loc":{"start":{"line":23,"column":40},"end":{"line":23,"column":66}},"line":23},"3":{"name":"(anonymous_3)","decl":{"start":{"line":26,"column":38},"end":{"line":26,"column":39}},"loc":{"start":{"line":26,"column":47},"end":{"line":26,"column":73}},"line":26},"4":{"name":"(anonymous_4)","decl":{"start":{"line":38,"column":2},"end":{"line":38,"column":3}},"loc":{"start":{"line":38,"column":24},"end":{"line":58,"column":3}},"line":38},"5":{"name":"(anonymous_5)","decl":{"start":{"line":60,"column":2},"end":{"line":60,"column":3}},"loc":{"start":{"line":60,"column":15},"end":{"line":62,"column":3}},"line":60},"6":{"name":"(anonymous_6)","decl":{"start":{"line":64,"column":2},"end":{"line":64,"column":3}},"loc":{"start":{"line":64,"column":17},"end":{"line":66,"column":3}},"line":64},"7":{"name":"(anonymous_7)","decl":{"start":{"line":68,"column":2},"end":{"line":68,"column":3}},"loc":{"start":{"line":68,"column":19},"end":{"line":74,"column":3}},"line":68},"8":{"name":"(anonymous_8)","decl":{"start":{"line":76,"column":2},"end":{"line":76,"column":3}},"loc":{"start":{"line":76,"column":19},"end":{"line":78,"column":3}},"line":76},"9":{"name":"(anonymous_9)","decl":{"start":{"line":77,"column":28},"end":{"line":77,"column":29}},"loc":{"start":{"line":77,"column":37},"end":{"line":77,"column":52}},"line":77},"10":{"name":"(anonymous_10)","decl":{"start":{"line":80,"column":2},"end":{"line":80,"column":3}},"loc":{"start":{"line":80,"column":44},"end":{"line":101,"column":3}},"line":80},"11":{"name":"(anonymous_11)","decl":{"start":{"line":86,"column":46},"end":{"line":86,"column":47}},"loc":{"start":{"line":87,"column":6},"end":{"line":88,"column":53}},"line":87},"12":{"name":"(anonymous_12)","decl":{"start":{"line":103,"column":2},"end":{"line":103,"column":3}},"loc":{"start":{"line":103,"column":43},"end":{"line":114,"column":3}},"line":103},"13":{"name":"(anonymous_13)","decl":{"start":{"line":116,"column":2},"end":{"line":116,"column":3}},"loc":{"start":{"line":116,"column":13},"end":{"line":118,"column":3}},"line":116},"14":{"name":"(anonymous_14)","decl":{"start":{"line":121,"column":2},"end":{"line":121,"column":3}},"loc":{"start":{"line":121,"column":29},"end":{"line":124,"column":3}},"line":121},"15":{"name":"(anonymous_15)","decl":{"start":{"line":122,"column":43},"end":{"line":122,"column":44}},"loc":{"start":{"line":122,"column":49},"end":{"line":122,"column":68}},"line":122}},"branchMap":{"0":{"loc":{"start":{"line":9,"column":14},"end":{"line":9,"column":31}},"type":"default-arg","locations":[{"start":{"line":9,"column":27},"end":{"line":9,"column":31}}],"line":9},"1":{"loc":{"start":{"line":10,"column":22},"end":{"line":10,"column":77}},"type":"binary-expr","locations":[{"start":{"line":10,"column":22},"end":{"line":10,"column":32}},{"start":{"line":10,"column":36},"end":{"line":10,"column":77}}],"line":10},"2":{"loc":{"start":{"line":21,"column":6},"end":{"line":29,"column":7}},"type":"if","locations":[{"start":{"line":21,"column":6},"end":{"line":29,"column":7}},{"start":{"line":24,"column":13},"end":{"line":29,"column":7}}],"line":21},"3":{"loc":{"start":{"line":24,"column":13},"end":{"line":29,"column":7}},"type":"if","locations":[{"start":{"line":24,"column":13},"end":{"line":29,"column":7}},{"start":{"line":27,"column":13},"end":{"line":29,"column":7}}],"line":24},"4":{"loc":{"start":{"line":24,"column":17},"end":{"line":24,"column":58}},"type":"binary-expr","locations":[{"start":{"line":24,"column":17},"end":{"line":24,"column":28}},{"start":{"line":24,"column":32},"end":{"line":24,"column":58}}],"line":24},"5":{"loc":{"start":{"line":40,"column":4},"end":{"line":46,"column":5}},"type":"if","locations":[{"start":{"line":40,"column":4},"end":{"line":46,"column":5}},{"start":{},"end":{}}],"line":40},"6":{"loc":{"start":{"line":49,"column":4},"end":{"line":55,"column":5}},"type":"if","locations":[{"start":{"line":49,"column":4},"end":{"line":55,"column":5}},{"start":{},"end":{}}],"line":49},"7":{"loc":{"start":{"line":51,"column":12},"end":{"line":51,"column":41}},"type":"binary-expr","locations":[{"start":{"line":51,"column":12},"end":{"line":51,"column":20}},{"start":{"line":51,"column":24},"end":{"line":51,"column":41}}],"line":51},"8":{"loc":{"start":{"line":52,"column":14},"end":{"line":52,"column":45}},"type":"binary-expr","locations":[{"start":{"line":52,"column":14},"end":{"line":52,"column":24}},{"start":{"line":52,"column":28},"end":{"line":52,"column":39}},{"start":{"line":52,"column":43},"end":{"line":52,"column":45}}],"line":52},"9":{"loc":{"start":{"line":53,"column":16},"end":{"line":53,"column":41}},"type":"binary-expr","locations":[{"start":{"line":53,"column":16},"end":{"line":53,"column":28}},{"start":{"line":53,"column":32},"end":{"line":53,"column":41}}],"line":53},"10":{"loc":{"start":{"line":69,"column":4},"end":{"line":71,"column":5}},"type":"if","locations":[{"start":{"line":69,"column":4},"end":{"line":71,"column":5}},{"start":{},"end":{}}],"line":69},"11":{"loc":{"start":{"line":80,"column":22},"end":{"line":80,"column":30}},"type":"default-arg","locations":[{"start":{"line":80,"column":29},"end":{"line":80,"column":30}}],"line":80},"12":{"loc":{"start":{"line":80,"column":32},"end":{"line":80,"column":42}},"type":"default-arg","locations":[{"start":{"line":80,"column":40},"end":{"line":80,"column":42}}],"line":80},"13":{"loc":{"start":{"line":81,"column":4},"end":{"line":83,"column":5}},"type":"if","locations":[{"start":{"line":81,"column":4},"end":{"line":83,"column":5}},{"start":{},"end":{}}],"line":81},"14":{"loc":{"start":{"line":87,"column":6},"end":{"line":88,"column":53}},"type":"binary-expr","locations":[{"start":{"line":87,"column":6},"end":{"line":87,"column":51}},{"start":{"line":88,"column":6},"end":{"line":88,"column":53}}],"line":87},"15":{"loc":{"start":{"line":103,"column":21},"end":{"line":103,"column":29}},"type":"default-arg","locations":[{"start":{"line":103,"column":28},"end":{"line":103,"column":29}}],"line":103},"16":{"loc":{"start":{"line":103,"column":31},"end":{"line":103,"column":41}},"type":"default-arg","locations":[{"start":{"line":103,"column":39},"end":{"line":103,"column":41}}],"line":103},"17":{"loc":{"start":{"line":121,"column":18},"end":{"line":121,"column":27}},"type":"default-arg","locations":[{"start":{"line":121,"column":26},"end":{"line":121,"column":27}}],"line":121}},"s":{"0":3,"1":3,"2":24,"3":24,"4":24,"5":24,"6":24,"7":24,"8":24,"9":2,"10":4,"11":22,"12":5,"13":24,"14":17,"15":7,"16":17,"17":17,"18":28,"19":8,"20":20,"21":20,"22":0,"23":28,"24":3,"25":10,"26":0,"27":10,"28":10,"29":2,"30":13,"31":1,"32":0,"33":1,"34":1,"35":12,"36":1,"37":1,"38":1,"39":4,"40":4,"41":4,"42":3,"43":0,"44":0,"45":0,"46":3},"f":{"0":24,"1":24,"2":4,"3":24,"4":28,"5":28,"6":3,"7":10,"8":2,"9":13,"10":1,"11":12,"12":4,"13":3,"14":0,"15":0},"b":{"0":[1],"1":[24,1],"2":[2,22],"3":[5,17],"4":[22,5],"5":[8,20],"6":[20,0],"7":[20,20],"8":[20,0,0],"9":[20,0],"10":[0,10],"11":[0],"12":[0],"13":[0,1],"14":[12,10],"15":[0],"16":[0],"17":[0]},"_coverageSchema":"1a1c01bbd47fc00a2c39e90264f33305004495a9","hash":"aae8768f22e671e30ba7a20065c7f7e4c30ed146"}
}
