TN:
SF:index.js
FN:86,(anonymous_0)
FN:108,(anonymous_1)
FN:124,(anonymous_2)
FN:140,(anonymous_3)
FN:165,(anonymous_4)
FN:188,(anonymous_5)
FN:224,(anonymous_6)
FN:228,(anonymous_7)
FN:233,(anonymous_8)
FN:241,(anonymous_9)
FN:250,(anonymous_10)
FN:258,(anonymous_11)
FN:260,(anonymous_12)
FN:266,(anonymous_13)
FN:268,(anonymous_14)
FNF:15
FNH:10
FNDA:1,(anonymous_0)
FNDA:1,(anonymous_1)
FNDA:5,(anonymous_2)
FNDA:5,(anonymous_3)
FNDA:2,(anonymous_4)
FNDA:9,(anonymous_5)
FNDA:1,(anonymous_6)
FNDA:1,(anonymous_7)
FNDA:1,(anonymous_8)
FNDA:0,(anonymous_9)
FNDA:1,(anonymous_10)
FNDA:0,(anonymous_11)
FNDA:0,(anonymous_12)
FNDA:0,(anonymous_13)
FNDA:0,(anonymous_14)
DA:1,1
DA:2,1
DA:3,1
DA:4,1
DA:5,1
DA:6,1
DA:7,1
DA:8,1
DA:9,1
DA:10,1
DA:13,1
DA:14,1
DA:16,1
DA:17,1
DA:18,1
DA:24,1
DA:25,1
DA:26,1
DA:28,0
DA:29,0
DA:33,1
DA:45,1
DA:50,1
DA:53,1
DA:56,1
DA:57,1
DA:60,1
DA:71,1
DA:83,1
DA:86,1
DA:87,1
DA:100,1
DA:101,1
DA:102,1
DA:104,0
DA:108,1
DA:109,1
DA:124,1
DA:125,5
DA:126,5
DA:127,5
DA:132,0
DA:133,0
DA:140,1
DA:141,5
DA:142,5
DA:145,5
DA:146,5
DA:149,5
DA:150,1
DA:152,4
DA:155,5
DA:157,0
DA:158,0
DA:165,1
DA:166,2
DA:167,2
DA:168,2
DA:170,2
DA:171,1
DA:177,1
DA:179,0
DA:180,0
DA:188,1
DA:189,9
DA:190,9
DA:193,9
DA:194,9
DA:195,4
DA:203,5
DA:205,5
DA:215,0
DA:216,0
DA:224,1
DA:225,1
DA:228,1
DA:229,1
DA:233,1
DA:234,1
DA:241,1
DA:242,0
DA:243,0
DA:250,1
DA:251,1
DA:252,1
DA:253,1
DA:254,1
DA:258,1
DA:259,0
DA:260,0
DA:261,0
DA:262,0
DA:266,1
DA:267,0
DA:268,0
DA:269,0
DA:270,0
DA:274,1
LF:98
LH:77
BRDA:17,0,0,1
BRDA:17,0,1,1
BRDA:18,1,0,1
BRDA:18,1,1,0
BRDA:46,2,0,1
BRDA:46,2,1,1
BRDA:53,3,0,0
BRDA:53,3,1,1
BRDA:61,4,0,1
BRDA:61,4,1,1
BRDA:62,5,0,1
BRDA:62,5,1,1
BRDA:72,6,0,1
BRDA:72,6,1,1
BRDA:73,7,0,1
BRDA:73,7,1,1
BRDA:142,8,0,3
BRDA:142,9,0,3
BRDA:145,10,0,5
BRDA:145,10,1,0
BRDA:146,11,0,5
BRDA:146,11,1,0
BRDA:149,12,0,1
BRDA:149,12,1,4
BRDA:170,13,0,1
BRDA:170,13,1,1
BRDA:190,14,0,3
BRDA:190,15,0,7
BRDA:194,16,0,4
BRDA:194,16,1,5
BRDA:211,17,0,5
BRDA:211,17,1,5
BRDA:212,18,0,5
BRDA:212,18,1,0
BRDA:245,19,0,0
BRDA:245,19,1,0
BRF:36
BRH:29
end_of_record
TN:
SF:server/chatService.js
FN:9,(anonymous_0)
FN:15,(anonymous_1)
FN:39,(anonymous_2)
FN:67,(anonymous_3)
FN:84,(anonymous_4)
FN:87,(anonymous_5)
FN:92,(anonymous_6)
FN:127,(anonymous_7)
FN:153,(anonymous_8)
FNF:9
FNH:8
FNDA:32,(anonymous_0)
FNDA:32,(anonymous_1)
FNDA:16,(anonymous_2)
FNDA:12,(anonymous_3)
FNDA:3,(anonymous_4)
FNDA:6,(anonymous_5)
FNDA:0,(anonymous_6)
FNDA:12,(anonymous_7)
FNDA:19,(anonymous_8)
DA:1,2
DA:10,32
DA:11,32
DA:12,32
DA:17,32
DA:18,4
DA:19,4
DA:20,4
DA:23,4
DA:25,0
DA:26,0
DA:29,28
DA:30,28
DA:35,32
DA:36,32
DA:40,16
DA:64,16
DA:68,12
DA:70,12
DA:71,12
DA:72,3
DA:76,9
DA:79,3
DA:80,3
DA:85,3
DA:86,3
DA:87,6
DA:89,3
DA:92,3
DA:98,3
DA:103,3
DA:111,3
DA:112,2
DA:113,2
DA:115,2
DA:122,3
DA:123,3
DA:128,12
DA:129,12
DA:130,11
DA:132,11
DA:141,1
DA:142,1
DA:143,1
DA:154,19
DA:156,19
DA:157,4
DA:160,19
DA:161,2
DA:164,19
DA:165,2
DA:168,19
DA:169,2
DA:172,19
DA:173,7
DA:174,30
DA:175,30
DA:176,14
DA:178,30
DA:179,14
DA:184,19
DA:188,2
LF:62
LH:60
BRDA:11,0,0,32
BRDA:11,0,1,27
BRDA:17,1,0,4
BRDA:17,1,1,28
BRDA:21,2,0,4
BRDA:21,2,1,4
BRDA:64,3,0,16
BRDA:64,3,1,1
BRDA:67,4,0,0
BRDA:67,5,0,7
BRDA:71,6,0,3
BRDA:71,6,1,9
BRDA:71,7,0,12
BRDA:71,7,1,3
BRDA:93,8,0,0
BRDA:93,8,1,0
BRDA:134,9,0,7
BRDA:134,9,1,4
BRDA:135,10,0,2
BRDA:135,10,1,2
BRDA:142,11,0,1
BRDA:142,11,1,0
BRDA:156,12,0,4
BRDA:156,12,1,15
BRDA:156,13,0,19
BRDA:156,13,1,16
BRDA:156,13,2,15
BRDA:160,14,0,2
BRDA:160,14,1,17
BRDA:160,15,0,19
BRDA:160,15,1,16
BRDA:164,16,0,2
BRDA:164,16,1,17
BRDA:164,17,0,19
BRDA:164,17,1,8
BRDA:168,18,0,2
BRDA:168,18,1,17
BRDA:168,19,0,19
BRDA:168,19,1,7
BRDA:168,19,2,6
BRDA:172,20,0,7
BRDA:172,20,1,12
BRDA:175,21,0,14
BRDA:175,21,1,16
BRDA:175,22,0,30
BRDA:175,22,1,17
BRDA:178,23,0,14
BRDA:178,23,1,16
BRDA:178,24,0,30
BRDA:178,24,1,17
BRF:50
BRH:46
end_of_record
TN:
SF:server/quotes.js
FN:9,(anonymous_0)
FN:15,(anonymous_1)
FN:23,(anonymous_2)
FN:26,(anonymous_3)
FN:38,(anonymous_4)
FN:60,(anonymous_5)
FN:64,(anonymous_6)
FN:68,(anonymous_7)
FN:76,(anonymous_8)
FN:77,(anonymous_9)
FN:80,(anonymous_10)
FN:86,(anonymous_11)
FN:103,(anonymous_12)
FN:116,(anonymous_13)
FN:121,(anonymous_14)
FN:122,(anonymous_15)
FNF:16
FNH:14
FNDA:24,(anonymous_0)
FNDA:24,(anonymous_1)
FNDA:4,(anonymous_2)
FNDA:24,(anonymous_3)
FNDA:28,(anonymous_4)
FNDA:28,(anonymous_5)
FNDA:3,(anonymous_6)
FNDA:10,(anonymous_7)
FNDA:2,(anonymous_8)
FNDA:13,(anonymous_9)
FNDA:1,(anonymous_10)
FNDA:12,(anonymous_11)
FNDA:4,(anonymous_12)
FNDA:3,(anonymous_13)
FNDA:0,(anonymous_14)
FNDA:0,(anonymous_15)
DA:1,3
DA:2,3
DA:10,24
DA:11,24
DA:12,24
DA:16,24
DA:17,24
DA:18,24
DA:21,24
DA:23,4
DA:24,22
DA:26,24
DA:28,17
DA:31,7
DA:33,17
DA:34,17
DA:40,28
DA:41,8
DA:49,20
DA:50,20
DA:57,0
DA:61,28
DA:65,3
DA:69,10
DA:70,0
DA:72,10
DA:73,10
DA:77,13
DA:81,1
DA:82,0
DA:85,1
DA:86,1
DA:87,12
DA:91,1
DA:92,1
DA:94,1
DA:104,4
DA:105,4
DA:107,4
DA:117,3
DA:122,0
DA:123,0
DA:127,3
LF:43
LH:38
BRDA:9,0,0,1
BRDA:10,1,0,24
BRDA:10,1,1,1
BRDA:21,2,0,2
BRDA:21,2,1,22
BRDA:24,3,0,5
BRDA:24,3,1,17
BRDA:24,4,0,22
BRDA:24,4,1,5
BRDA:40,5,0,8
BRDA:40,5,1,20
BRDA:49,6,0,20
BRDA:49,6,1,0
BRDA:51,7,0,20
BRDA:51,7,1,20
BRDA:52,8,0,20
BRDA:52,8,1,0
BRDA:52,8,2,0
BRDA:53,9,0,20
BRDA:53,9,1,0
BRDA:69,10,0,0
BRDA:69,10,1,10
BRDA:80,11,0,0
BRDA:80,12,0,0
BRDA:81,13,0,0
BRDA:81,13,1,1
BRDA:87,14,0,12
BRDA:87,14,1,10
BRDA:103,15,0,0
BRDA:103,16,0,0
BRDA:121,17,0,0
BRF:31
BRH:20
end_of_record
